  opencl-nbody.cpp
  cl_version.h: CL_TARGET_OPENCL_VERSION is not defined. Defaulting to 220 (OpenCL 2.2)
D:\opencl_gpu\opencl-nbody\opencl-nbody\opencl-nbody.cpp(11,29): error C2653: 'cl': is not a class or namespace name
D:\opencl_gpu\opencl-nbody\opencl-nbody\opencl-nbody.cpp(11,21): error C2065: 'Platform': undeclared identifier
D:\opencl_gpu\opencl-nbody\opencl-nbody\opencl-nbody.cpp(11,10): error C2923: 'std::vector': 'Platform' is not a valid template type argument for parameter '_Ty'
D:\opencl_gpu\opencl-nbody\opencl-nbody\opencl-nbody.cpp(11,40): error C2133: 'platforms': unknown size
D:\opencl_gpu\opencl-nbody\opencl-nbody\opencl-nbody.cpp(11,31): error C2512: 'std::vector': no appropriate default constructor available
C:\Program Files (x86)\Microsoft Visual Studio\2019\Enterprise\VC\Tools\MSVC\14.25.28610\include\vector(412,14): message : see declaration of 'std::vector'
D:\opencl_gpu\opencl-nbody\opencl-nbody\opencl-nbody.cpp(13,22): error C2653: 'cl': is not a class or namespace name
D:\opencl_gpu\opencl-nbody\opencl-nbody\opencl-nbody.cpp(13,19): error C2672: 'get': no matching overloaded function found
D:\opencl_gpu\opencl-nbody\opencl-nbody\opencl-nbody.cpp(13,33): error C2784: 'const _Ty2 &&std::get(const std::pair<_Ty1,_Ty2> &&) noexcept': could not deduce template argument for 'const std::pair<_Ty1,_Ty2> &&' from 'std::vector *'
C:\Program Files (x86)\Microsoft Visual Studio\2019\Enterprise\VC\Tools\MSVC\14.25.28610\include\utility(562): message : see declaration of 'std::get'
D:\opencl_gpu\opencl-nbody\opencl-nbody\opencl-nbody.cpp(13,33): error C2784: 'const _Ty1 &&std::get(const std::pair<_Ty1,_Ty2> &&) noexcept': could not deduce template argument for 'const std::pair<_Ty1,_Ty2> &&' from 'std::vector *'
C:\Program Files (x86)\Microsoft Visual Studio\2019\Enterprise\VC\Tools\MSVC\14.25.28610\include\utility(556): message : see declaration of 'std::get'
D:\opencl_gpu\opencl-nbody\opencl-nbody\opencl-nbody.cpp(13,33): error C2784: 'const tuple_element<_Idx,std::pair<_Ty1,_Ty2>>::type &&std::get(const std::pair<_Ty1,_Ty2> &&) noexcept': could not deduce template argument for 'const std::pair<_Ty1,_Ty2> &&' from 'std::vector *'
C:\Program Files (x86)\Microsoft Visual Studio\2019\Enterprise\VC\Tools\MSVC\14.25.28610\include\utility(549): message : see declaration of 'std::get'
D:\opencl_gpu\opencl-nbody\opencl-nbody\opencl-nbody.cpp(13,33): error C2784: '_Ty2 &&std::get(std::pair<_Ty1,_Ty2> &&) noexcept': could not deduce template argument for 'std::pair<_Ty1,_Ty2> &&' from 'std::vector *'
C:\Program Files (x86)\Microsoft Visual Studio\2019\Enterprise\VC\Tools\MSVC\14.25.28610\include\utility(544): message : see declaration of 'std::get'
D:\opencl_gpu\opencl-nbody\opencl-nbody\opencl-nbody.cpp(13,33): error C2784: '_Ty1 &&std::get(std::pair<_Ty1,_Ty2> &&) noexcept': could not deduce template argument for 'std::pair<_Ty1,_Ty2> &&' from 'std::vector *'
C:\Program Files (x86)\Microsoft Visual Studio\2019\Enterprise\VC\Tools\MSVC\14.25.28610\include\utility(539): message : see declaration of 'std::get'
D:\opencl_gpu\opencl-nbody\opencl-nbody\opencl-nbody.cpp(13,33): error C2784: 'tuple_element<_Idx,std::pair<_Ty1,_Ty2>>::type &&std::get(std::pair<_Ty1,_Ty2> &&) noexcept': could not deduce template argument for 'std::pair<_Ty1,_Ty2> &&' from 'std::vector *'
C:\Program Files (x86)\Microsoft Visual Studio\2019\Enterprise\VC\Tools\MSVC\14.25.28610\include\utility(532): message : see declaration of 'std::get'
D:\opencl_gpu\opencl-nbody\opencl-nbody\opencl-nbody.cpp(13,33): error C2784: 'const _Ty2 &std::get(const std::pair<_Ty1,_Ty2> &) noexcept': could not deduce template argument for 'const std::pair<_Ty1,_Ty2> &' from 'std::vector *'
C:\Program Files (x86)\Microsoft Visual Studio\2019\Enterprise\VC\Tools\MSVC\14.25.28610\include\utility(526): message : see declaration of 'std::get'
D:\opencl_gpu\opencl-nbody\opencl-nbody\opencl-nbody.cpp(13,33): error C2784: 'const _Ty1 &std::get(const std::pair<_Ty1,_Ty2> &) noexcept': could not deduce template argument for 'const std::pair<_Ty1,_Ty2> &' from 'std::vector *'
C:\Program Files (x86)\Microsoft Visual Studio\2019\Enterprise\VC\Tools\MSVC\14.25.28610\include\utility(520): message : see declaration of 'std::get'
D:\opencl_gpu\opencl-nbody\opencl-nbody\opencl-nbody.cpp(13,33): error C2784: 'const tuple_element<_Idx,std::pair<_Ty1,_Ty2>>::type &std::get(const std::pair<_Ty1,_Ty2> &) noexcept': could not deduce template argument for 'const std::pair<_Ty1,_Ty2> &' from 'std::vector *'
C:\Program Files (x86)\Microsoft Visual Studio\2019\Enterprise\VC\Tools\MSVC\14.25.28610\include\utility(513): message : see declaration of 'std::get'
D:\opencl_gpu\opencl-nbody\opencl-nbody\opencl-nbody.cpp(13,33): error C2784: '_Ty2 &std::get(std::pair<_Ty1,_Ty2> &) noexcept': could not deduce template argument for 'std::pair<_Ty1,_Ty2> &' from 'std::vector *'
C:\Program Files (x86)\Microsoft Visual Studio\2019\Enterprise\VC\Tools\MSVC\14.25.28610\include\utility(508): message : see declaration of 'std::get'
D:\opencl_gpu\opencl-nbody\opencl-nbody\opencl-nbody.cpp(13,33): error C2784: '_Ty1 &std::get(std::pair<_Ty1,_Ty2> &) noexcept': could not deduce template argument for 'std::pair<_Ty1,_Ty2> &' from 'std::vector *'
C:\Program Files (x86)\Microsoft Visual Studio\2019\Enterprise\VC\Tools\MSVC\14.25.28610\include\utility(503): message : see declaration of 'std::get'
D:\opencl_gpu\opencl-nbody\opencl-nbody\opencl-nbody.cpp(13,33): error C2784: 'tuple_element<_Idx,std::pair<_Ty1,_Ty2>>::type &std::get(std::pair<_Ty1,_Ty2> &) noexcept': could not deduce template argument for 'std::pair<_Ty1,_Ty2> &' from 'std::vector *'
C:\Program Files (x86)\Microsoft Visual Studio\2019\Enterprise\VC\Tools\MSVC\14.25.28610\include\utility(496): message : see declaration of 'std::get'
